Parameters set...
#Programming running parameters:
#Version = DECOD V1.01 (2011.10.24)
#Positive sequence file = data/mad1.fasta
#Negative sequence file = data/n_genes.fasta
#Motif width = 14
#Number of motifs to search for = 1
#Motif cardinality = 5
#Number of iteration = 5
#Use speedup calculation = true
#Check both strands = true
#Ignore repeats = true
#Upper limit on k-mer count per sequence = 2
#Assumed motif occurrence frequencies (per sequence): 1.0
Loading sequences...
Getting k-mer compositions...
Normalizing k-mer counts...
>Motif1
Motif 1 / 1, iteration 1 / 5
Motif 1 / 1, iteration 1 / 5 Crude search...
Motif 1 / 1, iteration 1 / 5 Refined search...
Motif 1 / 1, iteration 2 / 5
Motif 1 / 1, iteration 2 / 5 Crude search...
Motif 1 / 1, iteration 2 / 5 Refined search...
Motif 1 / 1, iteration 3 / 5
Motif 1 / 1, iteration 3 / 5 Crude search...
Motif 1 / 1, iteration 3 / 5 Refined search...
